2019-03-30 20:07:31,674 

    ============================
    Epoch 1
    train accuracy 93.72%
    test accuracy 94.08%
    ============================
2019-03-30 20:08:33,456 

    ============================
    Epoch 2
    train accuracy 96.06%
    test accuracy 96.37%
    ============================
2019-03-30 20:12:11,488 

    ============================
    Epoch 1
    train accuracy 93.42%
    test accuracy 93.75%
    ============================
2019-03-30 20:13:37,287 

    ============================
    Epoch 2
    train accuracy 96.11%
    test accuracy 96.39%
    ============================
2019-03-30 20:14:57,412 

    ============================
    Epoch 3
    train accuracy 97.08%
    test accuracy 97.00%
    ============================
2019-03-30 20:16:09,853 

    ============================
    Epoch 4
    train accuracy 97.53%
    test accuracy 97.83%
    ============================
2019-03-30 20:17:21,236 

    ============================
    Epoch 5
    train accuracy 97.83%
    test accuracy 97.82%
    ============================
2019-03-30 20:18:25,122 

    ============================
    Epoch 6
    train accuracy 97.97%
    test accuracy 98.11%
    ============================
2019-03-30 20:19:29,256 

    ============================
    Epoch 7
    train accuracy 98.48%
    test accuracy 98.42%
    ============================
2019-03-30 20:20:34,253 

    ============================
    Epoch 8
    train accuracy 98.43%
    test accuracy 98.37%
    ============================
2019-03-30 20:21:41,263 

    ============================
    Epoch 9
    train accuracy 98.64%
    test accuracy 98.50%
    ============================
2019-03-30 20:22:47,853 

    ============================
    Epoch 10
    train accuracy 98.80%
    test accuracy 98.69%
    ============================
2019-03-30 20:22:47,853 

    ============================
    Average train accuracy 97.43% 
    Average test accuracy 97.49%
    ============================
2019-03-30 20:59:41,725 

    ============================
    Epoch 1
    train accuracy 98.73%
    test accuracy 98.57%
    ============================
2019-03-30 21:00:43,714 

    ============================
    Epoch 2
    train accuracy 98.92%
    test accuracy 98.67%
    ============================
2019-03-30 21:02:49,386 

    ============================
    Epoch 3
    train accuracy 98.91%
    test accuracy 98.71%
    ============================
2019-03-30 21:06:05,523 

    ============================
    Epoch 4
    train accuracy 98.94%
    test accuracy 98.82%
    ============================
2019-03-30 21:07:34,514 

    ============================
    Epoch 5
    train accuracy 98.97%
    test accuracy 98.82%
    ============================
2019-03-30 21:08:55,859 

    ============================
    Epoch 6
    train accuracy 99.13%
    test accuracy 98.87%
    ============================
2019-03-30 21:10:15,235 

    ============================
    Epoch 7
    train accuracy 99.19%
    test accuracy 98.84%
    ============================
2019-03-30 21:11:35,690 

    ============================
    Epoch 8
    train accuracy 99.20%
    test accuracy 98.79%
    ============================
2019-03-30 21:12:57,347 

    ============================
    Epoch 9
    train accuracy 99.29%
    test accuracy 98.90%
    ============================
2019-03-30 21:14:22,469 

    ============================
    Epoch 10
    train accuracy 99.29%
    test accuracy 98.92%
    ============================
2019-03-30 21:14:22,470 

    ============================
    Average train accuracy 99.06% 
    Average test accuracy 98.79%
    ============================
2019-03-31 03:06:22,854 

    ============================
    Epoch 1
    train accuracy 99.36%
    test accuracy 98.92%
    ============================
2019-03-31 03:07:21,246 

    ============================
    Epoch 2
    train accuracy 99.38%
    test accuracy 98.91%
    ============================
2019-03-31 03:08:20,967 

    ============================
    Epoch 3
    train accuracy 99.34%
    test accuracy 98.96%
    ============================
2019-03-31 03:09:22,060 

    ============================
    Epoch 4
    train accuracy 99.42%
    test accuracy 98.89%
    ============================
2019-03-31 03:10:24,476 

    ============================
    Epoch 5
    train accuracy 99.42%
    test accuracy 98.95%
    ============================
2019-03-31 03:11:30,956 

    ============================
    Epoch 6
    train accuracy 99.40%
    test accuracy 98.98%
    ============================
2019-03-31 03:12:40,659 

    ============================
    Epoch 7
    train accuracy 99.51%
    test accuracy 98.99%
    ============================
2019-03-31 03:13:51,918 

    ============================
    Epoch 8
    train accuracy 99.48%
    test accuracy 98.97%
    ============================
2019-03-31 03:15:00,530 

    ============================
    Epoch 9
    train accuracy 99.54%
    test accuracy 98.92%
    ============================
2019-03-31 03:16:06,292 

    ============================
    Epoch 10
    train accuracy 99.56%
    test accuracy 98.91%
    ============================
2019-03-31 03:16:06,292 

    ============================
    Average train accuracy 99.44% 
    Average test accuracy 98.94%
    ============================
2019-03-31 19:18:59,828 Invalid alias: The name clear can't be aliased because it is another magic command.
2019-03-31 19:18:59,828 Invalid alias: The name more can't be aliased because it is another magic command.
2019-03-31 19:18:59,828 Invalid alias: The name less can't be aliased because it is another magic command.
2019-03-31 19:18:59,829 Invalid alias: The name man can't be aliased because it is another magic command.
2019-04-01 16:01:30,073 

    ============================
    Epoch 1
    train accuracy 93.48%
    test accuracy 94.07%
    ============================
2019-04-01 16:03:28,787 

    ============================
    Epoch 2
    train accuracy 96.15%
    test accuracy 96.37%
    ============================
2019-04-01 16:07:12,219 

    ============================
    Epoch 3
    train accuracy 96.81%
    test accuracy 97.34%
    ============================
2019-04-01 16:10:30,017 

    ============================
    Epoch 4
    train accuracy 97.30%
    test accuracy 97.60%
    ============================
